[    0.000000] Initializing cgroup subsys cpuset
[    0.000000] Initializing cgroup subsys cpu
[    0.000000] Initializing cgroup subsys cpuacct
[    0.000000] Linux version 4.4.0-146-generic (buildd@lcy01-amd64-025) (gcc version 5.4.0 20160609 (Ubuntu 5.4.0-6ubuntu1~16.04.10) ) #172-Ubuntu SMP Wed Apr 3 09:00:08 UTC 2019 (Ubuntu 4.4.0-146.172-generic 4.4.177)
[    0.000000] Command line: BOOT_IMAGE=/boot/vmlinuz-4.4.0-146-generic root=LABEL=cloudimg-rootfs ro console=tty1 console=ttyS0
[    0.000000] KERNEL supported cpus:
[    0.000000]   Intel GenuineIntel
[    0.000000]   AMD AuthenticAMD
[    0.000000]   Centaur CentaurHauls
[    0.000000] x86/fpu: xstate_offset[2]:  576, xstate_sizes[2]:  256
[    0.000000] x86/fpu: Supporting XSAVE feature 0x01: 'x87 floating point registers'
[    0.000000] x86/fpu: Supporting XSAVE feature 0x02: 'SSE registers'
[    0.000000] x86/fpu: Supporting XSAVE feature 0x04: 'AVX registers'
[    0.000000] x86/fpu: Enabled xstate features 0x7, context size is 832 bytes, using 'standard' format.
[    0.000000] e820: BIOS-provided physical RAM map:
[    0.000000] BIOS-e820: [mem 0x0000000000000000-0x000000000009fbff] usable
[    0.000000] BIOS-e820: [mem 0x000000000009fc00-0x000000000009ffff] reserved
[    0.000000] BIOS-e820: [mem 0x00000000000f0000-0x00000000000fffff] reserved
[    0.000000] BIOS-e820: [mem 0x0000000000100000-0x000000003ffeffff] usable
[    0.000000] BIOS-e820: [mem 0x000000003fff0000-0x000000003fffffff] ACPI data
[    0.000000] BIOS-e820: [mem 0x00000000fec00000-0x00000000fec00fff] reserved
[    0.000000] BIOS-e820: [mem 0x00000000fee00000-0x00000000fee00fff] reserved
[    0.000000] BIOS-e820: [mem 0x00000000fffc0000-0x00000000ffffffff] reserved
[    0.000000] NX (Execute Disable) protection: active
[    0.000000] SMBIOS 2.5 present.
[    0.000000] Hypervisor detected: KVM
[    0.000000] e820: last_pfn = 0x3fff0 max_arch_pfn = 0x400000000
[    0.000000] MTRR: Disabled
[    0.000000] x86/PAT: MTRRs disabled, skipping PAT initialization too.
[    0.000000] CPU MTRRs all blank - virtualized system.
[    0.000000] x86/PAT: Configuration [0-7]: WB  WT  UC- UC  WB  WT  UC- UC  
[    0.000000] found SMP MP-table at [mem 0x0009fff0-0x0009ffff] mapped at [ffff88000009fff0]
[    0.000000] Scanning 1 areas for low memory corruption
[    0.000000] RAMDISK: [mem 0x362fa000-0x37174fff]
[    0.000000] ACPI: Early table checksum verification disabled
[    0.000000] ACPI: RSDP 0x00000000000E0000 000024 (v02 VBOX  )
[    0.000000] ACPI: XSDT 0x000000003FFF0030 00003C (v01 VBOX   VBOXXSDT 00000001 ASL  00000061)
[    0.000000] ACPI: FACP 0x000000003FFF00F0 0000F4 (v04 VBOX   VBOXFACP 00000001 ASL  00000061)
[    0.000000] ACPI: DSDT 0x000000003FFF0470 0022EA (v02 VBOX   VBOXBIOS 00000002 INTL 20100528)
[    0.000000] ACPI: FACS 0x000000003FFF0200 000040
[    0.000000] ACPI: FACS 0x000000003FFF0200 000040
[    0.000000] ACPI: APIC 0x000000003FFF0240 00005C (v02 VBOX   VBOXAPIC 00000001 ASL  00000061)
[    0.000000] ACPI: SSDT 0x000000003FFF02A0 0001CC (v01 VBOX   VBOXCPUT 00000002 INTL 20100528)
[    0.000000] No NUMA configuration found
[    0.000000] Faking a node at [mem 0x0000000000000000-0x000000003ffeffff]
[    0.000000] NODE_DATA(0) allocated [mem 0x3ffeb000-0x3ffeffff]
[    0.000000] kvm-clock: Using msrs 4b564d01 and 4b564d00
[    0.000000] kvm-clock: cpu 0, msr 0:3ffe3001, primary cpu clock
[    0.000000] kvm-clock: using sched offset of 3495642331 cycles
[    0.000000] clocksource: kvm-clock: mask: 0xffffffffffffffff max_cycles: 0x1cd42e4dffb, max_idle_ns: 881590591483 ns
[    0.000000] Zone ranges:
[    0.000000]   DMA      [mem 0x0000000000001000-0x0000000000ffffff]
[    0.000000]   DMA32    [mem 0x0000000001000000-0x000000003ffeffff]
[    0.000000]   Normal   empty
[    0.000000]   Device   empty
[    0.000000] Movable zone start for each node
[    0.000000] Early memory node ranges
[    0.000000]   node   0: [mem 0x0000000000001000-0x000000000009efff]
[    0.000000]   node   0: [mem 0x0000000000100000-0x000000003ffeffff]
[    0.000000] Initmem setup node 0 [mem 0x0000000000001000-0x000000003ffeffff]
[    0.000000] ACPI: PM-Timer IO Port: 0x4008
[    0.000000] IOAPIC[0]: apic_id 2, version 32, address 0xfec00000, GSI 0-23
[    0.000000] ACPI: INT_SRC_OVR (bus 0 bus_irq 0 global_irq 2 dfl dfl)
[    0.000000] ACPI: INT_SRC_OVR (bus 0 bus_irq 9 global_irq 9 low level)
[    0.000000] Using ACPI (MADT) for SMP configuration information
[    0.000000] smpboot: Allowing 2 CPUs, 0 hotplug CPUs
[    0.000000] PM: Registered nosave memory: [mem 0x00000000-0x00000fff]
[    0.000000] PM: Registered nosave memory: [mem 0x0009f000-0x0009ffff]
[    0.000000] PM: Registered nosave memory: [mem 0x000a0000-0x000effff]
[    0.000000] PM: Registered nosave memory: [mem 0x000f0000-0x000fffff]
[    0.000000] e820: [mem 0x40000000-0xfebfffff] available for PCI devices
[    0.000000] Booting paravirtualized kernel on KVM
[    0.000000] clocksource: refined-jiffies: mask: 0xffffffff max_cycles: 0xffffffff, max_idle_ns: 7645519600211568 ns
[    0.000000] setup_percpu: NR_CPUS:512 nr_cpumask_bits:512 nr_cpu_ids:2 nr_node_ids:1
[    0.000000] PERCPU: Embedded 34 pages/cpu @ffff88003fc00000 s99480 r8192 d31592 u1048576
[    0.000000] Built 1 zonelists in Node order, mobility grouping on.  Total pages: 257912
[    0.000000] Policy zone: DMA32
[    0.000000] Kernel command line: BOOT_IMAGE=/boot/vmlinuz-4.4.0-146-generic root=LABEL=cloudimg-rootfs ro console=tty1 console=ttyS0
[    0.000000] PID hash table entries: 4096 (order: 3, 32768 bytes)
[    0.000000] Memory: 997732K/1048120K available (8609K kernel code, 1334K rwdata, 4028K rodata, 1484K init, 1284K bss, 50388K reserved, 0K cma-reserved)
[    0.000000] SLUB: HWalign=64, Order=0-3, MinObjects=0, CPUs=2, Nodes=1
[    0.000000] Kernel/User page tables isolation: enabled
[    0.000000] Hierarchical RCU implementation.
[    0.000000] 	Build-time adjustment of leaf fanout to 64.
[    0.000000] 	RCU restricting CPUs from NR_CPUS=512 to nr_cpu_ids=2.
[    0.000000] RCU: Adjusting geometry for rcu_fanout_leaf=64, nr_cpu_ids=2
[    0.000000] NR_IRQS:33024 nr_irqs:440 16
[    0.000000] Console: colour VGA+ 80x25
[    0.000000] console [tty1] enabled
[    0.000000] console [ttyS0] enabled
[    0.000000] tsc: Detected 2592.000 MHz processor
[    0.206317] Calibrating delay loop (skipped) preset value.. 5184.00 BogoMIPS (lpj=10368000)
[    0.208691] pid_max: default: 32768 minimum: 301
[    0.209977] ACPI: Core revision 20150930
[    0.212537] ACPI: 2 ACPI AML tables successfully acquired and loaded
[    0.214294] Security Framework initialized
[    0.215447] Yama: becoming mindful.
[    0.216551] AppArmor: AppArmor initialized
[    0.217852] Dentry cache hash table entries: 131072 (order: 8, 1048576 bytes)
[    0.220986] Inode-cache hash table entries: 65536 (order: 7, 524288 bytes)
[    0.222820] Mount-cache hash table entries: 2048 (order: 2, 16384 bytes)
[    0.224418] Mountpoint-cache hash table entries: 2048 (order: 2, 16384 bytes)
[    0.226318] Initializing cgroup subsys io
[    0.227428] Initializing cgroup subsys memory
[    0.228906] Initializing cgroup subsys devices
[    0.230308] Initializing cgroup subsys freezer
[    0.231618] Initializing cgroup subsys net_cls
[    0.233048] Initializing cgroup subsys perf_event
[    0.234316] Initializing cgroup subsys net_prio
[    0.235758] Initializing cgroup subsys hugetlb
[    0.237307] Initializing cgroup subsys pids
[    0.240517] mce: CPU supports 0 MCE banks
[    0.242315] Last level iTLB entries: 4KB 64, 2MB 8, 4MB 8
[    0.244416] Last level dTLB entries: 4KB 64, 2MB 0, 4MB 0, 1GB 4
[    0.246511] Spectre V2 : Mitigation: Full generic retpoline
[    0.248363] Spectre V2 : Spectre v2 / SpectreRSB mitigation: Filling RSB on context switch
[    0.251620] Speculative Store Bypass: Vulnerable
[    0.257049] Freeing SMP alternatives memory: 36K
[    0.265265] ftrace: allocating 32287 entries in 127 pages
[    0.358801] smpboot: APIC(0) Converting physical 0 to logical package 0
[    0.360522] smpboot: Max logical packages: 1
[    0.362136] x2apic enabled
[    0.363457] Switched APIC routing to physical x2apic.
[    0.367079] ..TIMER: vector=0x30 apic1=0 pin1=2 apic2=-1 pin2=-1
[    0.473721] smpboot: CPU0: Intel(R) Core(TM) i7-6500U CPU @ 2.50GHz (family: 0x6, model: 0x4e, stepping: 0x3)
[    0.476879] Performance Events: unsupported p6 CPU model 78 no PMU driver, software events only.
[    0.489816] KVM setup paravirtual spinlock
[    0.491812] x86: Booting SMP configuration:
[    0.493294] .... node  #0, CPUs:      #1
[    0.494791] kvm-clock: cpu 1, msr 0:3ffe3041, secondary cpu clock
[    0.497479] mce: CPU supports 0 MCE banks
[    0.500604] x86: Booted up 1 node, 2 CPUs
[    0.502040] smpboot: Total of 2 processors activated (10368.00 BogoMIPS)
[    0.504165] devtmpfs: initialized
[    0.506977] evm: security.selinux
[    0.507996] evm: security.SMACK64
[    0.509046] evm: security.SMACK64EXEC
[    0.510142] evm: security.SMACK64TRANSMUTE
[    0.511268] evm: security.SMACK64MMAP
[    0.512409] evm: security.ima
[    0.513390] evm: security.capability
[    0.514760] clocksource: jiffies: mask: 0xffffffff max_cycles: 0xffffffff, max_idle_ns: 7645041785100000 ns
[    0.517368] futex hash table entries: 512 (order: 3, 32768 bytes)
[    0.519116] pinctrl core: initialized pinctrl subsystem
[    0.520701] RTC time: 10:22:55, date: 07/07/19
[    0.522181] NET: Registered protocol family 16
[    0.534389] cpuidle: using governor ladder
[    0.546502] cpuidle: using governor menu
[    0.547880] PCCT header not found.
[    0.549279] ACPI: bus type PCI registered
[    0.550701] acpiphp: ACPI Hot Plug PCI Controller Driver version: 0.5
[    0.552878] PCI: Using configuration type 1 for base access
[    0.568380] ACPI: Added _OSI(Module Device)
[    0.569941] ACPI: Added _OSI(Processor Device)
[    0.571447] ACPI: Added _OSI(3.0 _SCP Extensions)
[    0.572950] ACPI: Added _OSI(Processor Aggregator Device)
[    0.575666] ACPI: Executed 1 blocks of module-level executable AML code
[    0.581030] ACPI: Interpreter enabled
[    0.582428] ACPI: (supports S0 S5)
[    0.584245] ACPI: Using IOAPIC for interrupt routing
[    0.586536] PCI: Using host bridge windows from ACPI; if necessary, use "pci=nocrs" and report a bug
[    0.594819] ACPI: PCI Root Bridge [PCI0] (domain 0000 [bus 00-ff])
[    0.596729] acpi PNP0A03:00: _OSC: OS supports [ASPM ClockPM Segments MSI]
[    0.599412] acpi PNP0A03:00: _OSC: not requesting OS control; OS requires [ExtendedConfig ASPM ClockPM MSI]
[    0.602626] acpi PNP0A03:00: fail to add MMCONFIG information, can't access extended PCI configuration space under this bridge.
[    0.606698] PCI host bridge to bus 0000:00
[    0.608125] pci_bus 0000:00: root bus resource [io  0x0000-0x0cf7 window]
[    0.610281] pci_bus 0000:00: root bus resource [io  0x0d00-0xffff window]
[    0.612320] pci_bus 0000:00: root bus resource [mem 0x000a0000-0x000bffff window]
[    0.614820] pci_bus 0000:00: root bus resource [mem 0x40000000-0xfdffffff window]
[    0.617108] pci_bus 0000:00: root bus resource [bus 00-ff]
[    0.621090] pci 0000:00:01.1: legacy IDE quirk: reg 0x10: [io  0x01f0-0x01f7]
[    0.623345] pci 0000:00:01.1: legacy IDE quirk: reg 0x14: [io  0x03f6]
[    0.625175] pci 0000:00:01.1: legacy IDE quirk: reg 0x18: [io  0x0170-0x0177]
[    0.627226] pci 0000:00:01.1: legacy IDE quirk: reg 0x1c: [io  0x0376]
[    0.646103] pci 0000:00:07.0: quirk: [io  0x4000-0x403f] claimed by PIIX4 ACPI
[    0.648272] pci 0000:00:07.0: quirk: [io  0x4100-0x410f] claimed by PIIX4 SMB
[    0.675988] ACPI: PCI Interrupt Link [LNKA] (IRQs 5 9 10 *11)
[    0.678868] ACPI: PCI Interrupt Link [LNKB] (IRQs 5 9 *10 11)
[    0.681060] ACPI: PCI Interrupt Link [LNKC] (IRQs 5 *9 10 11)
[    0.683064] ACPI: PCI Interrupt Link [LNKD] (IRQs 5 9 10 *11)
[    0.685129] ACPI: Enabled 2 GPEs in block 00 to 07
[    0.687087] vgaarb: setting as boot device: PCI:0000:00:02.0
[    0.689637] vgaarb: device added: PCI:0000:00:02.0,decodes=io+mem,owns=io+mem,locks=none
[    0.693564] vgaarb: loaded
[    0.694742] vgaarb: bridge control possible 0000:00:02.0
[    0.697125] SCSI subsystem initialized
[    0.698841] ACPI: bus type USB registered
[    0.700493] usbcore: registered new interface driver usbfs
[    0.702311] usbcore: registered new interface driver hub
[    0.703801] usbcore: registered new device driver usb
[    0.706015] PCI: Using ACPI for IRQ routing
[    0.707538] NetLabel: Initializing
[    0.708612] NetLabel:  domain hash size = 128
[    0.710026] NetLabel:  protocols = UNLABELED CIPSOv4
[    0.712471] NetLabel:  unlabeled traffic allowed by default
[    0.714445] amd_nb: Cannot enumerate AMD northbridges
[    0.716058] clocksource: Switched to clocksource kvm-clock
[    0.725797] AppArmor: AppArmor Filesystem Enabled
[    0.727299] pnp: PnP ACPI init
[    0.729242] pnp: PnP ACPI: found 3 devices
[    0.747268] clocksource: acpi_pm: mask: 0xffffff max_cycles: 0xffffff, max_idle_ns: 2085701024 ns
[    0.749847] NET: Registered protocol family 2
[    0.751330] TCP established hash table entries: 8192 (order: 4, 65536 bytes)
[    0.753273] TCP bind hash table entries: 8192 (order: 5, 131072 bytes)
[    0.755045] TCP: Hash tables configured (established 8192 bind 8192)
[    0.756780] UDP hash table entries: 512 (order: 2, 16384 bytes)
[    0.758255] UDP-Lite hash table entries: 512 (order: 2, 16384 bytes)
[    0.759957] NET: Registered protocol family 1
[    0.761222] pci 0000:00:00.0: Limiting direct PCI/PCI transfers
[    0.763113] pci 0000:00:01.0: Activating ISA DMA hang workarounds
[    0.764983] Unpacking initramfs...
[    1.011411] Freeing initrd memory: 14828K
[    1.012976] platform rtc_cmos: registered platform RTC device (no PNP device found)
[    1.015265] Scanning for low memory corruption every 60 seconds
[    1.017482] audit: initializing netlink subsys (disabled)
[    1.019526] audit: type=2000 audit(1562494980.478:1): initialized
[    1.021855] Initialise system trusted keyring
[    1.023512] HugeTLB registered 2 MB page size, pre-allocated 0 pages
[    1.026682] zbud: loaded
[    1.028078] VFS: Disk quotas dquot_6.6.0
[    1.029428] VFS: Dquot-cache hash table entries: 512 (order 0, 4096 bytes)
[    1.031426] squashfs: version 4.0 (2009/01/31) Phillip Lougher
[    1.033517] fuse init (API version 7.23)
[    1.034887] Key type big_key registered
[    1.036021] Allocating IMA MOK and blacklist keyrings.
[    1.039646] Key type asymmetric registered
[    1.041055] Asymmetric key parser 'x509' registered
[    1.042502] Block layer SCSI generic (bsg) driver version 0.4 loaded (major 249)
[    1.044800] io scheduler noop registered
[    1.045998] io scheduler deadline registered (default)
[    1.047424] io scheduler cfq registered
[    1.048942] pci_hotplug: PCI Hot Plug PCI Core version: 0.5
[    1.050482] pciehp: PCI Express Hot Plug Controller Driver version: 0.4
[    1.052356] ACPI: AC Adapter [AC] (on-line)
[    1.053679] input: Power Button as /devices/LNXSYSTM:00/LNXPWRBN:00/input/input0
[    1.056128] ACPI: Power Button [PWRF]
[    1.057354] input: Sleep Button as /devices/LNXSYSTM:00/LNXSLPBN:00/input/input1
[    1.059569] ACPI: Sleep Button [SLPF]
[    1.061073] GHES: HEST is not enabled!
[    1.062118] ACPI: Battery Slot [BAT0] (battery present)
[    1.063914] Serial: 8250/16550 driver, 32 ports, IRQ sharing enabled
[    1.086508] 00:02: ttyS0 at I/O 0x3f8 (irq = 4, base_baud = 115200) is a 16550A
[    1.093135] Linux agpgart interface v0.103
[    1.097176] loop: module loaded
[    1.098920] scsi host0: ata_piix
[    1.100266] scsi host1: ata_piix
[    1.101265] ata1: PATA max UDMA/33 cmd 0x1f0 ctl 0x3f6 bmdma 0xd000 irq 14
[    1.102963] ata2: PATA max UDMA/33 cmd 0x170 ctl 0x376 bmdma 0xd008 irq 15
[    1.104916] libphy: Fixed MDIO Bus: probed
[    1.106270] tun: Universal TUN/TAP device driver, 1.6
[    1.107797] tun: (C) 1999-2004 Max Krasnyansky <maxk@qualcomm.com>
[    1.109763] PPP generic driver version 2.4.2
[    1.111181] ehci_hcd: USB 2.0 'Enhanced' Host Controller (EHCI) Driver
[    1.112961] ehci-pci: EHCI PCI platform driver
[    1.114295] ehci-platform: EHCI generic platform driver
[    1.115698] ohci_hcd: USB 1.1 'Open' Host Controller (OHCI) Driver
[    1.117411] ohci-pci: OHCI PCI platform driver
[    1.119172] ohci-platform: OHCI generic platform driver
[    1.121733] uhci_hcd: USB Universal Host Controller Interface driver
[    1.124465] i8042: PNP: PS/2 Controller [PNP0303:PS2K,PNP0f03:PS2M] at 0x60,0x64 irq 1,12
[    1.128366] serio: i8042 KBD port at 0x60,0x64 irq 1
[    1.130535] serio: i8042 AUX port at 0x60,0x64 irq 12
[    1.132996] mousedev: PS/2 mouse device common for all mice
[    1.135935] input: AT Translated Set 2 keyboard as /devices/platform/i8042/serio0/input/input2
[    1.139978] rtc_cmos rtc_cmos: rtc core: registered rtc_cmos as rtc0
[    1.142617] rtc_cmos rtc_cmos: alarms up to one day, 114 bytes nvram
[    1.145328] i2c /dev entries driver
[    1.147096] device-mapper: uevent: version 1.0.3
[    1.149153] device-mapper: ioctl: 4.34.0-ioctl (2015-10-28) initialised: dm-devel@redhat.com
[    1.152418] ledtrig-cpu: registered to indicate activity on CPUs
[    1.155300] NET: Registered protocol family 10
[    1.156911] NET: Registered protocol family 17
[    1.158525] Key type dns_resolver registered
[    1.160775] registered taskstats version 1
[    1.162308] Loading compiled-in X.509 certificates
[    1.164605] Loaded X.509 cert 'Build time autogenerated kernel key: 4dcb2dc2c7cf43e0c20c44384f68683c20294489'
[    1.167825] zswap: loaded using pool lzo/zbud
[    1.172009] Key type trusted registered
[    1.177237] Key type encrypted registered
[    1.178510] AppArmor: AppArmor sha1 policy hashing enabled
[    1.180307] ima: No TPM chip found, activating TPM-bypass!
[    1.182289] ima: Allocated hash algorithm: sha1
[    1.183615] evm: HMAC attrs: 0x1
[    1.185533]   Magic number: 11:413:375
[    1.187560] rtc_cmos rtc_cmos: setting system clock to 2019-07-07 10:22:55 UTC (1562494975)
[    1.190918] BIOS EDD facility v0.16 2004-Jun-25, 0 devices found
[    1.193081] EDD information not available.
[    1.291544] Freeing unused kernel memory: 1484K
[    1.293123] Write protecting the kernel read-only data: 14336k
[    1.295443] Freeing unused kernel memory: 1620K
[    1.297842] Freeing unused kernel memory: 68K
Loading, please wait...
starting version 229
[    1.316011] random: systemd-udevd: uninitialized urandom read (16 bytes read, 3 bits of entropy available)
[    1.316394] random: udevadm: uninitialized urandom read (16 bytes read, 3 bits of entropy available)
[    1.316413] random: udevadm: uninitialized urandom read (16 bytes read, 3 bits of entropy available)
[    1.328302] random: udevadm: uninitialized urandom read (16 bytes read, 3 bits of entropy available)
[    1.328460] random: systemd-udevd: uninitialized urandom read (16 bytes read, 3 bits of entropy available)
[    1.328494] random: systemd-udevd: uninitialized urandom read (16 bytes read, 3 bits of entropy available)
[    1.328536] random: systemd-udevd: uninitialized urandom read (16 bytes read, 3 bits of entropy available)
[    1.330189] random: systemd-udevd: uninitialized urandom read (16 bytes read, 3 bits of entropy available)
[    1.330211] random: systemd-udevd: uninitialized urandom read (16 bytes read, 3 bits of entropy available)
[    1.330219] random: systemd-udevd: uninitialized urandom read (16 bytes read, 3 bits of entropy available)
[    1.386171] e1000: Intel(R) PRO/1000 Network Driver - version 7.3.21-k8-NAPI
[    1.388636] e1000: Copyright (c) 1999-2006 Intel Corporation.
[    1.411651] Fusion MPT base driver 3.04.20
[    1.412888] Copyright (c) 1999-2008 LSI Corporation
[    1.439529] AVX2 version of gcm_enc/dec engaged.
[    1.441406] AES CTR mode by8 optimization enabled
[    1.461120] Fusion MPT SPI Host driver 3.04.20
[    1.628816] input: ImExPS/2 Generic Explorer Mouse as /devices/platform/i8042/serio1/input/input4
[    2.452923] tsc: Refined TSC clocksource calibration: 2591.796 MHz
[    2.455033] clocksource: tsc: mask: 0xffffffffffffffff max_cycles: 0x255bf5eb2f8, max_idle_ns: 440795217290 ns
[    2.483835] e1000 0000:00:03.0 eth0: (PCI:33MHz:32-bit) 02:3a:f4:24:e2:72
[    2.486029] e1000 0000:00:03.0 eth0: Intel(R) PRO/1000 Network Connection
[    2.489814] mptbase: ioc0: Initiating bringup
[    2.563985] ioc0: LSI53C1030 A0: Capabilities={Initiator}
[    4.083392] scsi host2: ioc0: LSI53C1030 A0, FwRev=00000000h, Ports=1, MaxQ=256, IRQ=20
[    4.265603] scsi 2:0:0:0: Direct-Access     VBOX     HARDDISK         1.0  PQ: 0 ANSI: 5
[    4.268350] scsi target2:0:0: Beginning Domain Validation
[    4.273240] scsi target2:0:0: Domain Validation skipping write tests
[    4.276228] scsi target2:0:0: Ending Domain Validation
[    4.278778] scsi target2:0:0: asynchronous
[    4.281501] scsi 2:0:1:0: Direct-Access     VBOX     HARDDISK         1.0  PQ: 0 ANSI: 5
[    4.285191] scsi target2:0:1: Beginning Domain Validation
[    4.290788] scsi target2:0:1: Domain Validation skipping write tests
[    4.292910] scsi target2:0:1: Ending Domain Validation
[    4.294739] scsi target2:0:1: asynchronous
[    4.369097] sd 2:0:0:0: Attached scsi generic sg0 type 0
[    4.370711] sd 2:0:0:0: [sda] 20971520 512-byte logical blocks: (10.7 GB/10.0 GiB)
[    4.389888] sd 2:0:1:0: Attached scsi generic sg1 type 0
[    4.391363] sd 2:0:1:0: [sdb] 20480 512-byte logical blocks: (10.5 MB/10.0 MiB)
[    4.394603] sd 2:0:1:0: [sdb] Write Protect is off
[    4.396642] sd 2:0:0:0: [sda] Write Protect is off
[    4.398565] sd 2:0:1:0: [sdb] Incomplete mode parameter data
[    4.400766] sd 2:0:1:0: [sdb] Assuming drive cache: write through
[    4.403657] sd 2:0:0:0: [sda] Incomplete mode parameter data
[    4.405415] sd 2:0:0:0: [sda] Assuming drive cache: write through
[    4.410296]  sda: sda1
[    4.412984] sd 2:0:1:0: [sdb] Attached SCSI disk
[    4.415111] sd 2:0:0:0: [sda] Attached SCSI disk
[    4.696929] e1000 0000:00:08.0 eth1: (PCI:33MHz:32-bit) 08:00:27:f3:1f:e4
[    4.698969] e1000 0000:00:08.0 eth1: Intel(R) PRO/1000 Network Connection
[    4.702458] e1000 0000:00:03.0 enp0s3: renamed from eth0
[    4.720291] e1000 0000:00:08.0 enp0s8: renamed from eth1
Begin: Loading essential drivers ... [    6.227641] md: linear personality registered for level -1
[    6.231942] md: multipath personality registered for level -4
[    6.236425] md: raid0 personality registered for level 0
[    6.242320] md: raid1 personality registered for level 1
[    6.316514] raid6: sse2x1   gen()  9532 MB/s
[    6.384393] raid6: sse2x1   xor()  7009 MB/s
[    6.452195] raid6: sse2x2   gen() 12333 MB/s
[    6.520087] raid6: sse2x2   xor()  8486 MB/s
[    6.588420] raid6: sse2x4   gen() 12809 MB/s
[    6.656139] raid6: sse2x4   xor()  9048 MB/s
[    6.724509] raid6: avx2x1   gen() 19930 MB/s
[    6.792379] raid6: avx2x2   gen() 18567 MB/s
[    6.860158] raid6: avx2x4   gen() 20366 MB/s
[    6.861336] raid6: using algorithm avx2x4 gen() 20366 MB/s
[    6.862801] raid6: using avx2x2 recovery algorithm
[    6.865515] xor: automatically using best checksumming function:
[    6.904094]    avx       : 20736.000 MB/sec
[    6.906647] async_tx: api initialized (async)
[    6.918033] md: raid6 personality registered for level 6
[    6.919477] md: raid5 personality registered for level 5
[    6.920987] md: raid4 personality registered for level 4
[    6.929823] md: raid10 personality registered for level 10
done.
Begin: Running /scripts/init-premount ... done.
Begin: Mounting root file system ... Begin: Running /scripts/local-top ... done.
Begin: Running /scripts/local-premount ... [    6.965032] Btrfs loaded
Scanning for Btrfs filesystems
done.
Warning: fsck not present, so skipping root file system
[    6.999325] EXT4-fs (sda1): mounted filesystem with ordered data mode. Opts: (null)
done.
Begin: Running /scripts/local-bottom ... done.
Begin: Running /scripts/init-bottom ... done.
[    7.101153] systemd[1]: systemd 229 running in system mode. (+PAM +AUDIT +SELINUX +IMA +APPARMOR +SMACK +SYSVINIT +UTMP +LIBCRYPTSETUP +GCRYPT +GNUTLS +ACL +XZ -LZ4 +SECCOMP +BLKID +ELFUTILS +KMOD -IDN)
[    7.105783] systemd[1]: Detected virtualization oracle.
[    7.107249] systemd[1]: Detected architecture x86-64.

Welcome to [1mUbuntu 16.04.6 LTS[0m!

[    7.111891] systemd[1]: Set hostname to <ubuntu>.
[    7.115725] systemd[1]: Initializing machine ID from random generator.
[    7.117643] systemd[1]: Installed transient /etc/machine-id file.
[    7.264926] systemd[1]: Listening on udev Kernel Socket.
[[0;32m  OK  [0m] Listening on udev Kernel Socket.
[    7.267423] systemd[1]: Reached target Swap.
[[0;32m  OK  [0m] Reached target Swap.
[    7.269675] systemd[1]: Set up automount Arbitrary Executable File Formats File System Automount Point.
[[0;32m  OK  [0m] Set up automount Arbitrary Executab...ats File System Automount Point.
[    7.274297] systemd[1]: Started Forward Password Requests to Wall Directory Watch.
[[0;32m  OK  [0m] Started Forward Password Requests to Wall Directory Watch.
[    7.277699] systemd[1]: Listening on /dev/initctl Compatibility Named Pipe.
[[0;32m  OK  [0m] Listening on /dev/initctl Compatibility Named Pipe.
[    7.281124] systemd[1]: Created slice User and Session Slice.
[[0;32m  OK  [0m] Created slice User and Session Slice.
[    7.283600] systemd[1]: Reached target Encrypted Volumes.
[[0;32m  OK  [0m] Reached target Encrypted Volumes.
[    7.286245] systemd[1]: Listening on Device-mapper event daemon FIFOs.
[[0;32m  OK  [0m] Listening on Device-mapper event daemon FIFOs.
[    7.289118] systemd[1]: Listening on LVM2 poll daemon socket.
[[0;32m  OK  [0m] Listening on LVM2 poll daemon socket.
[    7.291932] systemd[1]: Listening on Journal Socket (/dev/log).
[[0;32m  OK  [0m] Listening on Journal Socket (/dev/log).
[    7.294763] systemd[1]: Listening on Journal Socket.
[[0;32m  OK  [0m] Listening on Journal Socket.
[    7.311596] systemd[1]: Reached target System Time Synchronized.
[[0;32m  OK  [0m] Reached target System Time Synchronized.
[    7.314855] systemd[1]: Started Trigger resolvconf update for networkd DNS.
[[0;32m  OK  [0m] Started Trigger resolvconf update for networkd DNS.
[    7.318411] systemd[1]: Listening on LVM2 metadata daemon socket.
[[0;32m  OK  [0m] Listening on LVM2 metadata daemon socket.
[    7.321883] systemd[1]: Listening on udev Control Socket.
[[0;32m  OK  [0m] Listening on udev Control Socket.
[    7.324923] systemd[1]: Listening on Syslog Socket.
[[0;32m  OK  [0m] Listening on Syslog Socket.
[    7.327667] systemd[1]: Reached target User and Group Name Lookups.
[[0;32m  OK  [0m] Reached target User and Group Name Lookups.
[    7.450677] systemd[1]: Listening on Journal Audit Socket.
[[0;32m  OK  [0m] Listening on Journal Audit Socket.
[    7.453944] systemd[1]: Created slice System Slice.
[[0;32m  OK  [0m] Created slice System Slice.
[    7.468300] systemd[1]: Starting Uncomplicated firewall...
         Starting Uncomplicated firewall...
[    7.475692] systemd[1]: Starting Create list of required static device nodes for the current kernel...
         Starting Create list of required st... nodes for the current kernel...
[    7.483826] systemd[1]: Mounting POSIX Message Queue File System...
         Mounting POSIX Message Queue File System...
[    7.487992] systemd[1]: Reached target Slices.
[[0;32m  OK  [0m] Reached target Slices.
[    7.509194] systemd[1]: Starting Set console keymap...
         Starting Set console keymap...
[    7.521423] systemd[1]: Starting Nameserver information manager...
         Starting Nameserver information manager...
[    7.526226] systemd[1]: Created slice system-serial\x2dgetty.slice.
[[0;32m  OK  [0m] Created slice system-serial\x2dgetty.slice.
[    7.532931] systemd[1]: Starting Journal Service...
         Starting Journal Service...
[    7.537656] systemd[1]: Mounting Huge Pages File System...
         Mounting Huge Pages File System...
[    7.544860] systemd[1]: Mounting Debug File System...
         Mounting Debug File System...
[    7.548839] systemd[1]: Starting Monitoring of LVM2 mirrors, snapshots etc. using dmeventd or progress polling...
         Starting Monitoring of LVM2 mirrors... dmeventd or progress polling...
[    7.572203] systemd[1]: Starting Remount Root and Kernel File Systems...
         Starting Remount Root and Kernel File Systems...
[    7.578451] systemd[1]: Starting Load Kernel Modules...
         Starting Load Kernel Modules...
[    7.583338] EXT4-fs (sda1): re-mounted. Opts: (null)
[    7.584252] systemd[1]: Mounted POSIX Message Queue File System.
[[0;32m  OK  [0m] Mounted POSIX Message Queue File System.
[    7.596558] systemd[1]: Mounted Debug File System.
[[0;32m  OK  [0m] Mounted Debug File System.
[    7.599403] systemd[1]: Mounted Huge Pages File System.
[    7.601285] Loading iSCSI transport class v2.0-870.
[[0;32m  OK  [0m] Mounted Huge Pages File System.
[    7.609173] systemd[1]: Started Journal Service.
[[0;32m  OK  [0m] Started Journal Service.
[    7.614012] iscsi: registered transport (tcp)
[[0;32m  OK  [0m] Started Uncomplicated firewall.
[[0;32m  OK  [0m] Started Create list of required sta...ce nodes for the current kernel.
[[0;32m  OK  [0m] Started Remount Root and Kernel File Systems.
[[0;32m  OK  [0m] Started Nameserver information manager.
[    7.650048] iscsi: registered transport (iser)
[[0;32m  OK  [0m] Started Load Kernel Modules.
[[0;32m  OK  [0m] Started Set console keymap.
         Starting Apply Kernel Variables...
         Mounting FUSE Control File System...
[[0;32m  OK  [0m] Started LVM2 metadata daemon.
         Starting Load/Save Random Seed...
         Starting udev Coldplug all Devices...
         Starting Create Static Device Nodes in /dev...
         Starting Flush Journal to Persistent Storage...
[[0;32m  OK  [0m] Mounted FUSE Control File System.
[[0;32m  OK  [0m] Started Apply Kernel Variables.
[[0;32m  OK  [0m] Started Load/Save Random Seed.
[[0;32m  OK  [0m] Started udev Coldplug all Devices.
[[0;32m  OK  [0m] Started Create Static Device Nodes in /dev.
[[0;32m  OK  [0m] Started Flush Journal to Persistent Storage.
         Starting udev Kernel Device Manager...
[[0;32m  OK  [0m] Started udev Kernel Device Manager.
[[0;32m  OK  [0m] Started Dispatch Password Requests to Console Directory Watch.
[[0;32m  OK  [0m] Found device /dev/ttyS0.
[[0;32m  OK  [0m] Started Monitoring of LVM2 mirrors,...ng dmeventd or progress polling.
[[0;32m  OK  [0m] Reached target Local File Systems (Pre).
[[0;32m  OK  [0m] Reached target Local File Systems.
         Starting Commit a transient machine-id on disk...
         Starting Set console font and keymap...
         Starting LSB: AppArmor initialization...
         Starting Create Volatile Files and Directories...
         Starting Tell Plymouth To Write Out Runtime Data...
         Starting Initial cloud-init job (pre-networking)...
[[0;32m  OK  [0m] Started Commit a transient machine-id on disk.
[[0;32m  OK  [0m] Started Create Volatile Files and Directories.
[[0;32m  OK  [0m] Started Tell Plymouth To Write Out Runtime Data.
         Starting Update UTMP about System Boot/Shutdown...
[[0;32m  OK  [0m] Listening on Load/Save RF Kill Switch Status /dev/rfkill Watch.
[[0;32m  OK  [0m] Started Update UTMP about System Boot/Shutdown.
[    9.476423] cloud-init[548]: Cloud-init v. 18.5-45-g3554ffe8-0ubuntu1~16.04.1 running 'init-local' at Sun, 07 Jul 2019 10:23:03 +0000. Up 8.82 seconds.
[[0;32m  OK  [0m] Started Initial cloud-init job (pre-networking).
[[0;32m  OK  [0m] Reached target Network (Pre).
[[0;32m  OK  [0m] Started Set console font and keymap.
[[0;32m  OK  [0m] Created slice system-getty.slice.
[[0;32m  OK  [0m] Started LSB: AppArmor initialization.
         Starting Raise network interfaces...
[[0;32m  OK  [0m] Started Raise network interfaces.
[[0;32m  OK  [0m] Reached target Network.
         Starting Initial cloud-init job (metadata service crawler)...
[   11.463987] cloud-init[963]: Cloud-init v. 18.5-45-g3554ffe8-0ubuntu1~16.04.1 running 'init' at Sun, 07 Jul 2019 10:23:05 +0000. Up 10.86 seconds.
[   11.467279] cloud-init[963]: ci-info: ++++++++++++++++++++++++++++++++++++++Net device info+++++++++++++++++++++++++++++++++++++++
[   11.471156] cloud-init[963]: ci-info: +--------+-------+----------------------------+---------------+--------+-------------------+
[   11.474630] cloud-init[963]: ci-info: | Device |   Up  |          Address           |      Mask     | Scope  |     Hw-Address    |
[   11.478119] cloud-init[963]: ci-info: +--------+-------+----------------------------+---------------+--------+-------------------+
[   11.481650] cloud-init[963]: ci-info: | enp0s3 |  True |         10.0.2.15          | 255.255.255.0 | global | 02:3a:f4:24:e2:72 |
[   11.484018] cloud-init[963]: ci-info: | enp0s3 |  True | fe80::3a:f4ff:fe24:e272/64 |       .       |  link  | 02:3a:f4:24:e2:72 |
[   11.486272] cloud-init[963]: ci-info: | enp0s8 | False |             .              |       .       |   .    | 08:00:27:f3:1f:e4 |
[   11.488656] cloud-init[963]: ci-info: |   lo   |  True |         127.0.0.1          |   255.0.0.0   |  host  |         .         |
[   11.491024] cloud-init[963]: ci-info: |   lo   |  True |          ::1/128           |       .       |  host  |         .         |
[   11.501088] cloud-init[963]: ci-info: +--------+-------+----------------------------+---------------+--------+-------------------+
[   11.503204] cloud-init[963]: ci-info: +++++++++++++++++++++++++++Route IPv4 info++++++++++++++++++++++++++++
[   11.512826] cloud-init[963]: ci-info: +-------+-------------+----------+---------------+-----------+-------+
[   11.514908] cloud-init[963]: ci-info: | Route | Destination | Gateway  |    Genmask    | Interface | Flags |
[   11.517510] cloud-init[963]: ci-info: +-------+-------------+----------+---------------+-----------+-------+
[   11.524565] cloud-init[963]: ci-info: |   0   |   0.0.0.0   | 10.0.2.2 |    0.0.0.0    |   enp0s3  |   UG  |
[   11.527148] cloud-init[963]: ci-info: |   1   |   10.0.2.0  | 0.0.0.0  | 255.255.255.0 |   enp0s3  |   U   |
[   11.537242] cloud-init[963]: ci-info: +-------+-------------+----------+---------------+-----------+-------+
[   11.539248] cloud-init[963]: ci-info: +++++++++++++++++++Route IPv6 info+++++++++++++++++++
[   11.541400] cloud-init[963]: ci-info: +-------+-------------+---------+-----------+-------+
[   11.543478] cloud-init[963]: ci-info: | Route | Destination | Gateway | Interface | Flags |
[   11.552649] [[0;32m  OK  [0m] Started Initial cloud-init job (metadata service crawler).
[[0;32m  OK  [0m] Reached target Cloud-config availability.
[[0;32m  OK  [0m] Reached target Network is Online.
cloud-init[963]: ci-info: +-------+-------------+---------+-----------+-------+
         Starting iSCSI initiator daemon (iscsid)...
[[0;32m  OK  [0m] Reached target System Initialization.
[[0;32m  OK  [0m] Listening on D-Bus System Message Bus Socket.
         Starting Socket activation for snappy daemon.
[   11.569841] cloud-init[963]: ci-info: |   0   |  fe80::/64  |    ::   |   enp0s3  |   U   |
[   11.574520] cloud-init[963]: ci-info: |   3   |   ff00::/8  |    ::   |   enp0s3  |   U   |
[   11.576248] cloud-init[963]: ci-info: +-------+-------------+---------+-----------+-------+
[   11.579935] [[0;32m  OK  [0m] Started ACPI Events Check.
[[0;32m  OK  [0m] Reached target Paths.
         Starting LXD - unix socket.
[[0;32m  OK  [0m] Listening on UUID daemon activation socket.
[[0;32m  OK  [0m] Started Daily Cleanup of Temporary Directories.
[[0;32m  OK  [0m] Listening on ACPID Listen Socket.
[[0;32m  OK  [0m] Started Daily apt download activities.
[[0;32m  OK  [0m] Started Daily apt upgrade and clean activities.
[[0;32m  OK  [0m] Reached target Timers.
[[0;32m  OK  [0m] Listening on Socket activation for snappy daemon.
cloud-init[963]: Generating public/private rsa key pair.
[   11.592351] cloud-init[963]: Your identification has been saved in /etc/ssh/ssh_host_rsa_key.
[   11.595012] [[0;32m  OK  [0m] Listening on LXD - unix socket.
cloud-init[963]: Your public key has been saved in /etc/ssh/ssh_host_rsa_key.pub.
[   11.599680] cloud-init[963]: The key fingerprint is:
[   11.603270] [[0;32m  OK  [0m] Started iSCSI initiator daemon (iscsid).
cloud-init[963]: SHA256:JcRv0PGR/Zq/oxyHCXZ55cbn7pYmI+TTyWLO2gEuJ2k root@ubuntu-xenial
[   11.605777] cloud-init[963]: The key's randomart image is:         Starting Login to default iSCSI targets...
[[0;32m  OK  [0m] Reached target Sockets.
[[0;32m  OK  [0m] Reached target Basic System.

[   11.608641]          Starting Login Service...
cloud-init[963]: +---[RSA 2048]----+
[[0;32m  OK  [0m] Started ACPI event daemon.
         Starting Pollinate to seed the pseudo random number generator...
[[0;32m  OK  [0m] Started FUSE filesystem for LXC.
[[0;32m  OK  [0m] Started Deferred execution scheduler.
         Starting Virtualbox guest utils...
[   11.611486]          Starting /etc/rc.local Compatibility...
[[0;32m  OK  [0m] Started Unattended Upgrades Shutdown.
cloud-init         Starting LXD - container startup/shutdown...
         Starting LSB: MD monitoring daemon...
[963]: |       ......o   |
[   11.634117] cloud-init[963]: |       .o .....  |
         Starting System Logging Service...
[   11.646212]          Starting LSB: Record successful boot for GRUB...
[[0;32m  OK  [0m] Started Regular background program processing daemon.
[[0;32m  OK  [0m] Started D-Bus System Message Bus.
cloud-init[963]: |        .o. .  ..|
[   11.662940] cloud-init[963]: |         oo   .oo|
[   11.664750] cloud-init[963]: |        So o o +=|
[   11.667656] cloud-init[963]: |        o o.o *o.|
[   11.669937] cloud-init[963]: |       E oo.o+.oo|
[   11.671715] cloud-init[963]: |      . + o*o*o=o|
[   11.674028] cloud-init[963]: |         .+++o=+=|
[   11.675928] cloud-init[963]: +----[SHA256]-----+
[   11.678227] cloud-init[963]: Generating public/private dsa key pair.
[   11.681102] cloud-init[963]: Your identification has been saved in /etc/ssh/ssh_host_dsa_key.
[   11.684523] cloud-init[963]: Your public key has been saved in /etc/ssh/ssh_host_dsa_key.pub.
[   11.686519] cloud-init[963]: The key fingerprint is:
[   11.687899] cloud-init[963]: SHA256:mEVfhsxB0hiTt6mAgKQQDNzNRB3pc798Adr+fTNKjao root@ubuntu-xenial
[   11.690091] cloud-init[963]: The key's randomart image is:
[   11.691518] cloud-init[963]: +---[DSA 1024]----+
[   11.693483] cloud-init[963]: |O+. =o..BOooo    |
[   11.695624] cloud-init[963]: |+o.. o +o+*o     |
[   11.697761] cloud-init[963]: |.  . .. ...o     |
[   11.699228] cloud-init[963]: |    . .* .o.     |
[   11.700884] cloud-init[963]: |      o.S.+ .    |
[   11.702476] cloud-init[963]: |        .. o .o  |
[   11.704904] cloud-init[963]: |          o .o.. |
[   11.706920] cloud-init[963]: |           +o..o.|
[   11.709143] cloud-init[963]: |         E..oo..+|
[   11.710826] cloud-init[963]: +----[SHA256]-----+
[   11.713137] cloud-init[963]: Generating public/private ecdsa key pair.
[   11.715005] cloud-init[963]: Your identification has been saved in /etc/ssh/ssh_host_ecdsa_key.         Starting Accounts Service...

[   11.717773]          Starting Snappy daemon...
cloud-init[963]: Your public key has been saved in /etc/ssh/ssh_host_ecdsa_key.pub.
[   11.720290] cloud-init[963]: The key fingerprint is:
[   11.721524] cloud-init[963]: [[0;32m  OK  [0m] Started System Logging Service.
SHA256:V0cmjY6Y+H/0Z45LvCkpmYS42ao6r91bNhuSkAgcypo root@ubuntu-xenial[[0;32m  OK  [0m] Started /etc/rc.local Compatibility.

[   11.724542] cloud-init[963]: The key's randomart image is:
[   11.725919] cloud-init[963]: +---[ECDSA 256]---+
[   11.727263] cloud-init[963]: | .          .oo  |
[   11.728544] cloud-init[963]: |+ .         .+.  |
[   11.729668] cloud-init[963]: |oo     . o o. .  |
[   11.730823] cloud-init[963]: |.o . .. o ....   |
[   11.732475] cloud-init[963]: |E . o  oS..      |
[   11.734229] cloud-init[963]: |     ...o.. ..   |
[   11.736287] cloud-init[963]: |      o+=o + oo  |
[   11.738592] cloud-init[963]: |  .. .o+.+= +..+o|
[   11.742255] cloud-init[963]: |  o=+.+o.  o .==.|
[   11.744236] cloud-init[963]: +----[SHA256]-----+
[   11.746611] cloud-init[963]: Generating public/private ed25519 key pair.
[   11.748765] cloud-init[963]: Your identification has been saved in /etc/ssh/ssh_host_ed25519_key.
[   11.752623] cloud-init[963]: Your public key has been saved in /etc/ssh/ssh_host_ed25519_key.pub.
[   11.755295] cloud-init[963]: The key fingerprint is:
[   11.758028] cloud-init[963]: SHA256:GKu0HNAdigC5ak4HigfAKm3R/U+mgkJdJu9nZu+4I2c root@ubuntu-xenial
[   11.760449] cloud-init[963]: The key's randomart image is:
[   11.764563] cloud-init[963]: +--[ED25519 256]--+
[   11.767697] cloud-init[963]: |=. . ..          |
[   11.769594] cloud-init[963]: |oo.ooo+.         |
[   11.771604] cloud-init[963]: |ooooo=o.         |
[   11.773347] cloud-init[963]: |=.+.. .+. o      |
[   11.775292] cloud-init[963]: |=+. ooo S=       |
[   11.777442] cloud-init[963]: |+oo+.+o * .      |
[   11.778912] cloud-init[963]: |+...+  * .       |
[   11.780519] cloud-init[963]: | .    . E..      |
[   11.784857] cloud-init[963]: |       +o+.      |
[   11.786740] cloud-init[963]: +----[SHA256]-----+
[[0;32m  OK  [0m] Started Login to default iSCSI targets.
[[0;32m  OK  [0m] Started LXD - container startup/shutdown.
[[0;32m  OK  [0m] Started LSB: MD monitoring daemon.
[[0;32m  OK  [0m] Started LSB: Record successful boot for GRUB.
[[0;32m  OK  [0m] Started Login Service.
         Starting Authenticate and Authorize Users to Run Privileged Tasks...
[[0;32m  OK  [0m] Reached target Remote File Systems (Pre).
[[0;32m  OK  [0m] Reached target Remote File Systems.
         Starting LSB: Set the CPU Frequency Scaling governor to "ondemand"...
         Starting LSB: automatic crash report generation...
         Starting Permit User Sessions...
         Starting LSB: daemon to balance interrupts for SMP systems...
[[0;32m  OK  [0m] Started Virtualbox guest utils.
[[0;32m  OK  [0m] Started Permit User Sessions.
[[0;32m  OK  [0m] Started Authenticate and Authorize Users to Run Privileged Tasks.
[[0;32m  OK  [0m] Started Accounts Service.
[[0;32m  OK  [0m] Started LSB: Set the CPU Frequency Scaling governor to "ondemand".
[[0;32m  OK  [0m] Started Snappy daemon.
         Starting Wait until snapd is fully seeded...
         Starting Hold until boot process finishes up...
         Starting Terminate Plymouth Boot Screen...
[[0;32m  OK  [0m] Started LSB: automatic crash report generation.
[[0;32m  OK  [0m] Started LSB: daemon to balance interrupts for SMP systems.
[[0;32m  OK  [0m] Started Hold until boot process finishes up.
[[0;32m  OK  [0m] Started Terminate Plymouth Boot Screen.
[[0;32m  OK  [0m] Started Serial Getty on ttyS0.
[[0;32m  OK  [0m] Started Getty on tty1.
[[0;32m  OK  [0m] Reached target Login Prompts.
         Starting Set console scheme...
[[0;32m  OK  [0m] Started Set console scheme.
[[0;32m  OK  [0m] Started Pollinate to seed the pseudo random number generator.
         Starting OpenBSD Secure Shell server...
[[0;32m  OK  [0m] Started OpenBSD Secure Shell server.
[[0;32m  OK  [0m] Created slice User Slice of vagrant.
         Starting User Manager for UID 1000...
[[0;32m  OK  [0m] Started Session 1 of user vagrant.
[[0;32m  OK  [0m] Started User Manager for UID 1000.
[[0;32m  OK  [0m] Started Wait until snapd is fully seeded.
[[0;32m  OK  [0m] Reached target Multi-User System.
[[0;32m  OK  [0m] Reached target Graphical Interface.
         Starting Update UTMP about System Runlevel Changes...
         Starting Apply the settings specified in cloud-config...
[[0;32m  OK  [0m] Started Update UTMP about System Runlevel Changes.
[   13.906030] cloud-init[1379]: Generating locales (this might take a while)...
[   15.156638] cloud-init[1379]:   en_US.UTF-8... done
[   15.158461] cloud-init[1379]: Generation complete.
[   15.551979] cloud-init[1379]: Cloud-init v. 18.5-45-g3554ffe8-0ubuntu1~16.04.1 running 'modules:config' at Sun, 07 Jul 2019 10:23:08 +0000. Up 13.75 seconds.
[[0;32m  OK  [0m] Started Apply the settings specified in cloud-config.
         Starting Execute cloud user/final scripts...
ci-info: no authorized ssh keys fingerprints found for user ubuntu.
<14>Jul  7 10:23:11 ec2: 
<14>Jul  7 10:23:11 ec2: #############################################################
<14>Jul  7 10:23:11 ec2: -----BEGIN SSH HOST KEY FINGERPRINTS-----
<14>Jul  7 10:23:11 ec2: 1024 SHA256:mEVfhsxB0hiTt6mAgKQQDNzNRB3pc798Adr+fTNKjao root@ubuntu-xenial (DSA)
<14>Jul  7 10:23:11 ec2: 256 SHA256:V0cmjY6Y+H/0Z45LvCkpmYS42ao6r91bNhuSkAgcypo root@ubuntu-xenial (ECDSA)
<14>Jul  7 10:23:11 ec2: 256 SHA256:GKu0HNAdigC5ak4HigfAKm3R/U+mgkJdJu9nZu+4I2c root@ubuntu-xenial (ED25519)
<14>Jul  7 10:23:11 ec2: 2048 SHA256:JcRv0PGR/Zq/oxyHCXZ55cbn7pYmI+TTyWLO2gEuJ2k root@ubuntu-xenial (RSA)
<14>Jul  7 10:23:11 ec2: -----END SSH HOST KEY FINGERPRINTS-----
<14>Jul  7 10:23:11 ec2: #############################################################
-----BEGIN SSH HOST KEY KEYS-----
ecdsa-sha2-nistp256 AAAAE2VjZHNhLXNoYTItbmlzdHAyNTYAAAAIbmlzdHAyNTYAAABBBEpWGid5NniQhPCYES8z6vJ9gfPWxFAmTDcRI6tBGhAa/Bojz+zjw4LVJz6pqeuAmya8Lzku0iCiDm7EDfNC4u4= root@ubuntu-xenial
ssh-ed25519 AAAAC3NzaC1lZDI1NTE5AAAAIN59jUZlD2EYSOdVwyw1flBvI0rNCS/3HjGkr4qcsjsq root@ubuntu-xenial
ssh-rsa AAAAB3NzaC1yc2EAAAADAQABAAABAQCvWG3xMV23DfuaTW5+xuH/RKziPavG/O2CgYQHaleLVbDzsdjMUb1t0Dh0X71bS03f5qWTlfYtVuDMsbYKNPFV518gepy/Ly4eaLvoO2KhMSA6dg/l4Ji1tP9DxDWkXF1I7Shaob9vY1ZyiWNYyyD5pjGPPPEF2rwcHdf+fGtO/DBYr2sTC6JoW9cNFFqhlNvQJMwt9bckUrYruhlf1nuSpcehTR8hniKP3SbxdoZvDG/S6F2Mtl8M8fdZfTVSdCLv8EInAtXFLtrMVgKmhAfwuFLvAECwhpRwo2PrGS5+PkekG4s/XtX+fgyxytqZIif2lKcSMf8QvNMwBJ8HY40H root@ubuntu-xenial
-----END SSH HOST KEY KEYS-----
[   16.485374] cloud-init[1544]: Cloud-init v. 18.5-45-g3554ffe8-0ubuntu1~16.04.1 running 'modules:final' at Sun, 07 Jul 2019 10:23:10 +0000. Up 16.25 seconds.
[   16.487872] cloud-init[1544]: ci-info: no authorized ssh keys fingerprints found for user ubuntu.
[   16.489864] cloud-init[1544]: Cloud-init v. 18.5-45-g3554ffe8-0ubuntu1~16.04.1 finished at Sun, 07 Jul 2019 10:23:11 +0000. Datasource DataSourceNoCloud [seed=/dev/sdb][dsmode=net].  Up 16.47 seconds
[[0;32m  OK  [0m] Started Execute cloud user/final scripts.
[[0;32m  OK  [0m] Reached target Cloud-init target.

Ubuntu 16.04.6 LTS ubuntu-xenial ttyS0

ubuntu-xenial login: 